<?xml version="1.0" encoding="UTF-8" ?>
<testsuite failures="0" time="0" errors="0" skipped="0" tests="5" name="com.javaworld.hotels.model.HotelModelTest">
  <properties>
    <property name="java.runtime.name" value="Java(TM) SE Runtime Environment"/>
    <property name="sun.boot.library.path" value="C:\Softwares\JDK\jre\bin"/>
    <property name="java.vm.version" value="20.2-b06"/>
    <property name="java.vm.vendor" value="Sun Microsystems Inc."/>
    <property name="java.vendor.url" value="http://java.sun.com/"/>
    <property name="path.separator" value=";"/>
    <property name="java.vm.name" value="Java HotSpot(TM) Client VM"/>
    <property name="file.encoding.pkg" value="sun.io"/>
    <property name="user.country" value="US"/>
    <property name="sun.java.launcher" value="SUN_STANDARD"/>
    <property name="sun.os.patch.level" value="Service Pack 1"/>
    <property name="java.vm.specification.name" value="Java Virtual Machine Specification"/>
    <property name="user.dir" value="C:\Projects\MavenProject1\HotelDatabase"/>
    <property name="java.runtime.version" value="1.6.0_27-b07"/>
    <property name="java.awt.graphicsenv" value="sun.awt.Win32GraphicsEnvironment"/>
    <property name="basedir" value="C:\Projects\MavenProject1\HotelDatabase"/>
    <property name="java.endorsed.dirs" value="C:\Softwares\JDK\jre\lib\endorsed"/>
    <property name="os.arch" value="x86"/>
    <property name="surefire.real.class.path" value="C:\Projects\MavenProject1\HotelDatabase\target\surefire\surefirebooter6024714457322327961.jar"/>
    <property name="java.io.tmpdir" value="C:\Users\Juan\AppData\Local\Temp\"/>
    <property name="line.separator" value="
"/>
    <property name="java.vm.specification.vendor" value="Sun Microsystems Inc."/>
    <property name="user.variant" value=""/>
    <property name="os.name" value="Windows 7"/>
    <property name="sun.jnu.encoding" value="Cp1252"/>
    <property name="java.library.path" value="C:\Softwares\JDK\jre\bin;C:\Windows\Sun\Java\bin;C:\Windows\system32;C:\Windows;C:\Program Files (x86)\HP SimplePass 2011\x64;C:\Program Files (x86)\HP SimplePass 2011\;;C:\Program Files\Common Files\Microsoft Shared\Windows Live;C:\Program Files (x86)\Common Files\Microsoft Shared\Windows Live;C:\Windows\system32;C:\Windows;C:\Windows\System32\Wbem;C:\Windows\System32\WindowsPowerShell\v1.0\;C:\Program Files (x86)\Common Files\Roxio Shared\DLLShared\;C:\Program Files (x86)\Common Files\Roxio Shared\DLLShared\;C:\Program Files (x86)\Common Files\Roxio Shared\12.0\DLLShared\;C:\Program Files (x86)\Windows Live\Shared;C:\Program Files\Intel\WiFi\bin\;C:\Program Files\Common Files\Intel\WirelessCommon\;C:\Softwares\Maven3\bin;."/>
    <property name="surefire.test.class.path" value="C:\Projects\MavenProject1\HotelDatabase\target\test-classes;C:\Projects\MavenProject1\HotelDatabase\target\classes;C:\Projects\maven-repository\junit\junit\3.8.1\junit-3.8.1.jar;"/>
    <property name="java.specification.name" value="Java Platform API Specification"/>
    <property name="java.class.version" value="50.0"/>
    <property name="sun.management.compiler" value="HotSpot Client Compiler"/>
    <property name="os.version" value="6.1"/>
    <property name="user.home" value="C:\Users\Juan"/>
    <property name="user.timezone" value=""/>
    <property name="java.awt.printerjob" value="sun.awt.windows.WPrinterJob"/>
    <property name="java.specification.version" value="1.6"/>
    <property name="file.encoding" value="Cp1252"/>
    <property name="user.name" value="Juan"/>
    <property name="java.class.path" value="C:\Projects\MavenProject1\HotelDatabase\target\test-classes;C:\Projects\MavenProject1\HotelDatabase\target\classes;C:\Projects\maven-repository\junit\junit\3.8.1\junit-3.8.1.jar;"/>
    <property name="java.vm.specification.version" value="1.0"/>
    <property name="sun.arch.data.model" value="32"/>
    <property name="java.home" value="C:\Softwares\JDK\jre"/>
    <property name="sun.java.command" value="C:\Projects\MavenProject1\HotelDatabase\target\surefire\surefirebooter6024714457322327961.jar C:\Projects\MavenProject1\HotelDatabase\target\surefire\surefire5205130750234496544tmp C:\Projects\MavenProject1\HotelDatabase\target\surefire\surefire4418029622571038658tmp"/>
    <property name="java.specification.vendor" value="Sun Microsystems Inc."/>
    <property name="user.language" value="en"/>
    <property name="awt.toolkit" value="sun.awt.windows.WToolkit"/>
    <property name="java.vm.info" value="mixed mode, sharing"/>
    <property name="java.version" value="1.6.0_27"/>
    <property name="java.ext.dirs" value="C:\Softwares\JDK\jre\lib\ext;C:\Windows\Sun\Java\lib\ext"/>
    <property name="sun.boot.class.path" value="C:\Softwares\JDK\jre\lib\resources.jar;C:\Softwares\JDK\jre\lib\rt.jar;C:\Softwares\JDK\jre\lib\sunrsasign.jar;C:\Softwares\JDK\jre\lib\jsse.jar;C:\Softwares\JDK\jre\lib\jce.jar;C:\Softwares\JDK\jre\lib\charsets.jar;C:\Softwares\JDK\jre\lib\modules\jdk.boot.jar;C:\Softwares\JDK\jre\classes"/>
    <property name="java.vendor" value="Sun Microsystems Inc."/>
    <property name="localRepository" value="C:\Projects\maven-repository"/>
    <property name="file.separator" value="\"/>
    <property name="java.vendor.url.bug" value="http://java.sun.com/cgi-bin/bugreport.cgi"/>
    <property name="sun.cpu.endian" value="little"/>
    <property name="sun.io.unicode.encoding" value="UnicodeLittle"/>
    <property name="sun.desktop" value="windows"/>
    <property name="sun.cpu.isalist" value="pentium_pro+mmx pentium_pro pentium+mmx pentium i486 i386 i86"/>
  </properties>
  <testcase time="0" classname="com.javaworld.hotels.model.HotelModelTest" name="testFindHotelsByCity1"/>
  <testcase time="0" classname="com.javaworld.hotels.model.HotelModelTest" name="testFindHotelsByCity2"/>
  <testcase time="0" classname="com.javaworld.hotels.model.HotelModelTest" name="testFindHotelsByEmptyCity"/>
  <testcase time="0" classname="com.javaworld.hotels.model.HotelModelTest" name="testFindHotelsByNullCity"/>
  <testcase time="0" classname="com.javaworld.hotels.model.HotelModelTest" name="testFindAvaliableCities"/>
</testsuite>